<?xml version="1.0" encoding="UTF-8"?>
<!-- Generated by org.testng.reporters.JUnitReportReporter -->
<testsuite hostname="NSI-3-IT-N138" failures="0" tests="1" name="TestPackage.MainTest" time="35.867" errors="0" timestamp="2024-02-12T17:00:52 IST" skipped="0">
  <testcase classname="TestPackage.MainTest" name="Test" time="35.867"/>
  <system-out/>
</testsuite> <!-- TestPackage.MainTest -->
