<?xml version="1.0" encoding="UTF-8"?>
<!-- Generated by org.testng.reporters.JUnitReportReporter -->
<testsuite hostname="NSI-3-IT-N138" failures="0" tests="1" name="TestPackage.DataExtraction" time="41.048" errors="0" timestamp="2024-02-12T18:11:15 IST" skipped="0">
  <testcase classname="TestPackage.DataExtraction" name="Test" time="41.048"/>
  <system-out/>
</testsuite> <!-- TestPackage.DataExtraction -->
