<?xml version="1.0" encoding="UTF-8"?>
<!-- Generated by org.testng.reporters.JUnitReportReporter -->
<testsuite hostname="NSI-3-IT-N138" failures="0" tests="1" name="TestPackage.Scenario1Validation" time="63.090" errors="0" timestamp="2024-02-13T14:57:38 IST" skipped="0">
  <testcase classname="TestPackage.Scenario1Validation" name="TableDataValidation" time="63.090"/>
  <system-out/>
</testsuite> <!-- TestPackage.Scenario1Validation -->
